0 info it worked if it ends with ok
1 verbose cli [ 'D:\\Program Files\\nodejs\\node.exe',
1 verbose cli   'D:\\Program Files\\nodejs\\node_modules\\npm\\bin\\npm-cli.js',
1 verbose cli   'run',
1 verbose cli   'build',
1 verbose cli   '--scripts-prepend-node-path=auto' ]
2 info using npm@3.8.9
3 info using node@v6.2.0
4 verbose run-script [ 'prebuild', 'build', 'postbuild' ]
5 info lifecycle apidoc@2.0.0~prebuild: apidoc@2.0.0
6 silly lifecycle apidoc@2.0.0~prebuild: no script for prebuild, continuing
7 info lifecycle apidoc@2.0.0~build: apidoc@2.0.0
8 verbose lifecycle apidoc@2.0.0~build: unsafe-perm in lifecycle true
9 verbose lifecycle apidoc@2.0.0~build: PATH: D:\Program Files\nodejs\node_modules\npm\bin\node-gyp-bin;E:\Workspaces\IntellijIDEA\java-api-doc-master\apidoc\front\node_modules\.bin;D:\Program Files\nodejs;D:\OracleClient\product/11.2.0/client_1/bin;C:\Program Files\Java\jdk1.7.0_17\bin;C:\Program Files (x86)\Intel\iCLS Client\;C:\Program Files\Intel\iCLS Client\;C:\Windows\system32;C:\Windows;C:\Windows\System32\Wbem;C:\Windows\System32\WindowsPowerShell\v1.0\;C:\Program Files (x86)\ATI Technologies\ATI.ACE\Core-Static;C:\Program Files\Intel\Intel(R) Management Engine Components\DAL;C:\Program Files\Intel\Intel(R) Management Engine Components\IPT;C:\Program Files (x86)\Intel\Intel(R) Management Engine Components\DAL;C:\Program Files (x86)\Intel\Intel(R) Management Engine Components\IPT;C:\Program Files\Intel\WiFi\bin\;C:\Program Files\Common Files\Intel\WirelessCommon\;D:\Program Files (x86)\apache-tomcat-8.0.49\bin;D:\apache-ant-1.6.5\bin;%M2_HOME%\bin;D:\Program Files\nodejs\;D:\Program Files (x86)\apache-maven-3.3.9\bin;C:\Program Files (x86)\GtkSharp\2.12\bin;D:\Program Files (x86)\apache-cxf-3.1.16/bin;C:\Program Files (x86)\Calibre2\;D:\Program Files\TortoiseSVN\bin;D:\Program Files\Git\cmd;D:\Program Files\PuTTY\;C:\Users\t-kai.hu\AppData\Local\Programs\Python\Python37\Scripts\;C:\Users\t-kai.hu\AppData\Local\Programs\Python\Python37\;C:\Users\t-kai.hu\AppData\Roaming\npm;D:\Program Files\Docker Toolbox
10 verbose lifecycle apidoc@2.0.0~build: CWD: E:\Workspaces\IntellijIDEA\java-api-doc-master\apidoc\front
11 silly lifecycle apidoc@2.0.0~build: Args: [ '/d /s /c', 'ng build' ]
12 silly lifecycle apidoc@2.0.0~build: Returned: code: 3  signal: null
13 info lifecycle apidoc@2.0.0~build: Failed to exec build script
14 verbose stack Error: apidoc@2.0.0 build: `ng build`
14 verbose stack Exit status 3
14 verbose stack     at EventEmitter.<anonymous> (D:\Program Files\nodejs\node_modules\npm\lib\utils\lifecycle.js:245:16)
14 verbose stack     at emitTwo (events.js:106:13)
14 verbose stack     at EventEmitter.emit (events.js:191:7)
14 verbose stack     at ChildProcess.<anonymous> (D:\Program Files\nodejs\node_modules\npm\lib\utils\spawn.js:24:14)
14 verbose stack     at emitTwo (events.js:106:13)
14 verbose stack     at ChildProcess.emit (events.js:191:7)
14 verbose stack     at maybeClose (internal/child_process.js:850:16)
14 verbose stack     at Process.ChildProcess._handle.onexit (internal/child_process.js:215:5)
15 verbose pkgid apidoc@2.0.0
16 verbose cwd E:\Workspaces\IntellijIDEA\java-api-doc-master\apidoc\front
17 error Windows_NT 6.1.7601
18 error argv "D:\\Program Files\\nodejs\\node.exe" "D:\\Program Files\\nodejs\\node_modules\\npm\\bin\\npm-cli.js" "run" "build" "--scripts-prepend-node-path=auto"
19 error node v6.2.0
20 error npm  v3.8.9
21 error code ELIFECYCLE
22 error apidoc@2.0.0 build: `ng build`
22 error Exit status 3
23 error Failed at the apidoc@2.0.0 build script 'ng build'.
23 error Make sure you have the latest version of node.js and npm installed.
23 error If you do, this is most likely a problem with the apidoc package,
23 error not with npm itself.
23 error Tell the author that this fails on your system:
23 error     ng build
23 error You can get information on how to open an issue for this project with:
23 error     npm bugs apidoc
23 error Or if that isn't available, you can get their info via:
23 error     npm owner ls apidoc
23 error There is likely additional logging output above.
24 verbose exit [ 1, true ]
